Content-Type: multipart/alternative;
 boundary="===============6671196137639962550=="
MIME-Version: 1.0
Subject: Profile activation
From: test@example.com
To: me.lahariya.001@gmail.com
Date: Thu, 29 Aug 2019 12:05:11 -0000
Message-ID: <156708031105.17524.7754149276339794813@idlab048>

--===============6671196137639962550==
Content-Type: text/plain; charset="utf-8"
MIME-Version: 1.0
Content-Transfer-Encoding: 7bit



To activate your profile, please follow this link:

http://127.0.0.1:8000/accounts/activate/L6FjA27hUaHCLh9i0YAk/

--===============6671196137639962550==
Content-Type: text/html; charset="utf-8"
MIME-Version: 1.0
Content-Transfer-Encoding: 7bit



<!DOCTYPE html PUBLIC "-//W3C//DTD XHTML 1.0 Transitional//EN"
        "http://www.w3.org/TR/xhtml1/DTD/xhtml1-transitional.dtd">
<html xmlns="http://www.w3.org/1999/xhtml">
<head>
    <meta http-equiv="Content-Type" content="text/html; charset=UTF-8"/>
    <title>Profile activation</title>
    <meta name="viewport" content="width=device-width, initial-scale=1.0"/>
</head>

<body>

<p>
    To activate your profile, please follow this link:
</p>

<p>
    <a href="http://127.0.0.1:8000/accounts/activate/L6FjA27hUaHCLh9i0YAk/">http://127.0.0.1:8000/accounts/activate/L6FjA27hUaHCLh9i0YAk/</a>
</p>

</body>

</html>

--===============6671196137639962550==--

-------------------------------------------------------------------------------
