Content-Type: multipart/alternative;
 boundary="===============2424100708173107963=="
MIME-Version: 1.0
Subject: Profile activation
From: me.lahariya.001@gmail.com
To: me.lahariya.001@gmail.com
Date: Thu, 29 Aug 2019 12:17:25 -0000
Message-ID: <156708104563.19028.4183598627625381666@idlab048>

--===============2424100708173107963==
Content-Type: text/plain; charset="utf-8"
MIME-Version: 1.0
Content-Transfer-Encoding: 7bit



To activate your profile, please follow this link:

http://127.0.0.1:8000/accounts/activate/Jo9BjmtfGKozMcPdLck8/

--===============2424100708173107963==
Content-Type: text/html; charset="utf-8"
MIME-Version: 1.0
Content-Transfer-Encoding: 7bit



<!DOCTYPE html PUBLIC "-//W3C//DTD XHTML 1.0 Transitional//EN"
        "http://www.w3.org/TR/xhtml1/DTD/xhtml1-transitional.dtd">
<html xmlns="http://www.w3.org/1999/xhtml">
<head>
    <meta http-equiv="Content-Type" content="text/html; charset=UTF-8"/>
    <title>Profile activation</title>
    <meta name="viewport" content="width=device-width, initial-scale=1.0"/>
</head>

<body>

<p>
    To activate your profile, please follow this link:
</p>

<p>
    <a href="http://127.0.0.1:8000/accounts/activate/Jo9BjmtfGKozMcPdLck8/">http://127.0.0.1:8000/accounts/activate/Jo9BjmtfGKozMcPdLck8/</a>
</p>

</body>

</html>

--===============2424100708173107963==--

-------------------------------------------------------------------------------
